<?xml version="1.0" encoding="UTF-8"?>
<testng-results ignored="0" total="1" passed="1" failed="0" skipped="0">
  <reporter-output>
  </reporter-output>
  <suite started-at="2024-07-04T20:45:03 IST" name="Default suite" finished-at="2024-07-04T20:45:05 IST" duration-ms="2577">
    <groups>
    </groups>
    <test started-at="2024-07-04T20:45:03 IST" name="Default test" finished-at="2024-07-04T20:45:05 IST" duration-ms="2577">
      <class name="com.example.CatFactApiTest">
        <test-method signature="testGetCatFact()[pri:0, instance:com.example.CatFactApiTest@10959ece]" started-at="2024-07-04T20:45:03 IST" name="testGetCatFact" finished-at="2024-07-04T20:45:05 IST" duration-ms="2549" status="PASS">
          <reporter-output>
          </reporter-output>
        </test-method> <!-- testGetCatFact -->
      </class> <!-- com.example.CatFactApiTest -->
    </test> <!-- Default test -->
  </suite> <!-- Default suite -->
</testng-results>
